2016-07-26 16:51:54,486 [7] INFO RetsVerification.Program - 1974Terri SmithLIST_105: 100019348
2016-07-26 16:51:54,495 [7] INFO RetsVerification.Program - 1974Terri SmithLIST_87: 2016-07-07T11:27:30
2016-07-26 16:51:54,495 [7] INFO RetsVerification.Program - 1974Terri SmithLIST_105: 100019352
2016-07-26 16:51:54,495 [7] INFO RetsVerification.Program - 1974Terri SmithLIST_87: 2016-07-11T09:29:02
2016-07-26 16:51:54,496 [7] INFO RetsVerification.Program - 1974Terri SmithLIST_105: 100019354
2016-07-26 16:51:54,496 [7] INFO RetsVerification.Program - 1974Terri SmithLIST_87: 2016-07-23T08:58:56
2016-07-26 16:51:54,496 [7] INFO RetsVerification.Program - 1974Terri SmithLIST_105: 100019355
2016-07-26 16:51:54,496 [7] INFO RetsVerification.Program - 1974Terri SmithLIST_87: 2016-07-07T11:27:28
2016-07-26 16:51:54,496 [7] INFO RetsVerification.Program - 1974Terri SmithLIST_105: 100019358
2016-07-26 16:51:54,497 [7] INFO RetsVerification.Program - 1974Terri SmithLIST_87: 2016-07-22T10:56:09
2016-07-26 16:51:54,498 [7] INFO RetsVerification.Program - 1974Terri SmithLIST_105: 100020413
2016-07-26 16:51:54,498 [7] INFO RetsVerification.Program - 1974Terri SmithLIST_87: 2016-07-09T15:23:10
2016-07-26 16:51:54,499 [7] INFO RetsVerification.Program - 1974Terri SmithLIST_105: 100020926
2016-07-26 16:51:54,499 [7] INFO RetsVerification.Program - 1974Terri SmithLIST_87: 2016-07-17T10:47:25
2016-07-26 16:51:54,500 [7] INFO RetsVerification.Program - 1974Terri SmithLIST_105: 100021436
2016-07-26 16:51:54,500 [7] INFO RetsVerification.Program - 1974Terri SmithLIST_87: 2016-07-20T11:07:24
2016-07-26 16:51:54,501 [7] INFO RetsVerification.Program - 1974Terri SmithLIST_105: 100015653
2016-07-26 16:51:54,501 [7] INFO RetsVerification.Program - 1974Terri SmithLIST_87: 2016-07-11T13:39:38
2016-07-26 16:51:54,502 [7] INFO RetsVerification.Program - 1974Terri SmithLIST_105: 100021977
2016-07-26 16:51:54,502 [7] INFO RetsVerification.Program - 1974Terri SmithLIST_87: 2016-07-23T11:38:19
2016-07-26 16:56:00,614 [9] INFO RetsVerification.Program - 1974 Terri Smith LIST_105: 100019348
2016-07-26 16:56:00,624 [9] INFO RetsVerification.Program - 1974 Terri Smith LIST_87: 2016-07-07T11:27:30
2016-07-26 16:56:00,624 [9] INFO RetsVerification.Program - 1974 Terri Smith LIST_105: 100019352
2016-07-26 16:56:00,624 [9] INFO RetsVerification.Program - 1974 Terri Smith LIST_87: 2016-07-11T09:29:02
2016-07-26 16:56:00,625 [9] INFO RetsVerification.Program - 1974 Terri Smith LIST_105: 100019354
2016-07-26 16:56:00,625 [9] INFO RetsVerification.Program - 1974 Terri Smith LIST_87: 2016-07-23T08:58:56
2016-07-26 16:56:00,625 [9] INFO RetsVerification.Program - 1974 Terri Smith LIST_105: 100019355
2016-07-26 16:56:00,625 [9] INFO RetsVerification.Program - 1974 Terri Smith LIST_87: 2016-07-07T11:27:28
2016-07-26 16:56:00,625 [9] INFO RetsVerification.Program - 1974 Terri Smith LIST_105: 100019358
2016-07-26 16:56:00,625 [9] INFO RetsVerification.Program - 1974 Terri Smith LIST_87: 2016-07-22T10:56:09
2016-07-26 16:56:00,626 [9] INFO RetsVerification.Program - 1974 Terri Smith LIST_105: 100020413
2016-07-26 16:56:00,626 [9] INFO RetsVerification.Program - 1974 Terri Smith LIST_87: 2016-07-09T15:23:10
2016-07-26 16:56:00,626 [9] INFO RetsVerification.Program - 1974 Terri Smith LIST_105: 100020926
2016-07-26 16:56:00,626 [9] INFO RetsVerification.Program - 1974 Terri Smith LIST_87: 2016-07-17T10:47:25
2016-07-26 16:56:00,626 [9] INFO RetsVerification.Program - 1974 Terri Smith LIST_105: 100021436
2016-07-26 16:56:00,626 [9] INFO RetsVerification.Program - 1974 Terri Smith LIST_87: 2016-07-20T11:07:24
2016-07-26 16:56:00,626 [9] INFO RetsVerification.Program - 1974 Terri Smith LIST_105: 100015653
2016-07-26 16:56:00,626 [9] INFO RetsVerification.Program - 1974 Terri Smith LIST_87: 2016-07-11T13:39:38
2016-07-26 16:56:00,627 [9] INFO RetsVerification.Program - 1974 Terri Smith LIST_105: 100021977
2016-07-26 16:56:00,627 [9] INFO RetsVerification.Program - 1974 Terri Smith LIST_87: 2016-07-23T11:38:19
2016-07-26 16:57:07,789- 1974 Terri Smith LIST_105: 100019348
2016-07-26 16:57:07,799- 1974 Terri Smith LIST_87: 2016-07-07T11:27:30
2016-07-26 16:57:07,799- 1974 Terri Smith LIST_105: 100019352
2016-07-26 16:57:07,799- 1974 Terri Smith LIST_87: 2016-07-11T09:29:02
2016-07-26 16:57:07,800- 1974 Terri Smith LIST_105: 100019354
2016-07-26 16:57:07,800- 1974 Terri Smith LIST_87: 2016-07-23T08:58:56
2016-07-26 16:57:07,800- 1974 Terri Smith LIST_105: 100019355
2016-07-26 16:57:07,800- 1974 Terri Smith LIST_87: 2016-07-07T11:27:28
2016-07-26 16:57:07,800- 1974 Terri Smith LIST_105: 100019358
2016-07-26 16:57:07,801- 1974 Terri Smith LIST_87: 2016-07-22T10:56:09
2016-07-26 16:57:07,801- 1974 Terri Smith LIST_105: 100020413
2016-07-26 16:57:07,801- 1974 Terri Smith LIST_87: 2016-07-09T15:23:10
2016-07-26 16:57:07,801- 1974 Terri Smith LIST_105: 100020926
2016-07-26 16:57:07,801- 1974 Terri Smith LIST_87: 2016-07-17T10:47:25
2016-07-26 16:57:07,801- 1974 Terri Smith LIST_105: 100021436
2016-07-26 16:57:07,801- 1974 Terri Smith LIST_87: 2016-07-20T11:07:24
2016-07-26 16:57:07,801- 1974 Terri Smith LIST_105: 100015653
2016-07-26 16:57:07,802- 1974 Terri Smith LIST_87: 2016-07-11T13:39:38
2016-07-26 16:57:07,802- 1974 Terri Smith LIST_105: 100021977
2016-07-26 16:57:07,802- 1974 Terri Smith LIST_87: 2016-07-23T11:38:19
